TN:
SF:src\test.ts
FN:18,(anonymous_0)
FNF:1
FNH:0
FNDA:0,(anonymous_0)
DA:8,1
DA:14,1
DA:16,1
DA:17,0
DA:18,0
LF:5
LH:3
BRDA:16,0,0,0
BRF:1
BRH:0
end_of_record
TN:
SF:src\app\app.ts
FNF:0
FNH:0
DA:11,1
DA:12,2
LF:2
LH:2
BRF:0
BRH:0
end_of_record
TN:
SF:src\app\cliente\cliente.ts
FN:48,(anonymous_0)
FN:56,(anonymous_1)
FN:61,(anonymous_2)
FN:70,(anonymous_3)
FN:79,(anonymous_4)
FN:89,(anonymous_5)
FN:98,(anonymous_6)
FN:107,(anonymous_7)
FN:116,(anonymous_8)
FN:125,(anonymous_9)
FN:134,(anonymous_10)
FN:143,(anonymous_11)
FNF:12
FNH:1
FNDA:1,(anonymous_0)
FNDA:0,(anonymous_1)
FNDA:0,(anonymous_2)
FNDA:0,(anonymous_3)
FNDA:0,(anonymous_4)
FNDA:0,(anonymous_5)
FNDA:0,(anonymous_6)
FNDA:0,(anonymous_7)
FNDA:0,(anonymous_8)
FNDA:0,(anonymous_9)
FNDA:0,(anonymous_10)
FNDA:0,(anonymous_11)
DA:12,1
DA:13,1
DA:15,1
DA:17,1
DA:24,1
DA:36,1
DA:49,1
DA:57,0
DA:58,0
DA:62,0
DA:63,0
DA:64,0
DA:66,0
DA:67,0
DA:71,0
DA:72,0
DA:73,0
DA:75,0
DA:76,0
DA:80,0
DA:81,0
DA:82,0
DA:83,0
DA:85,0
DA:86,0
DA:90,0
DA:91,0
DA:92,0
DA:94,0
DA:95,0
DA:99,0
DA:100,0
DA:101,0
DA:103,0
DA:104,0
DA:108,0
DA:109,0
DA:110,0
DA:112,0
DA:113,0
DA:117,0
DA:118,0
DA:119,0
DA:121,0
DA:122,0
DA:126,0
DA:127,0
DA:128,0
DA:130,0
DA:131,0
DA:135,0
DA:136,0
DA:137,0
DA:139,0
DA:140,0
DA:145,0
DA:155,0
DA:156,0
DA:157,0
DA:158,0
LF:60
LH:7
BRDA:58,0,0,0
BRDA:58,0,1,0
BRDA:62,1,0,0
BRDA:71,2,0,0
BRDA:81,3,0,0
BRDA:90,4,0,0
BRDA:99,5,0,0
BRDA:108,6,0,0
BRDA:117,7,0,0
BRDA:126,8,0,0
BRDA:135,9,0,0
BRDA:145,10,0,0
BRDA:145,10,1,0
BRDA:145,10,2,0
BRDA:145,10,3,0
BRDA:145,10,4,0
BRDA:145,10,5,0
BRDA:145,10,6,0
BRDA:145,10,7,0
BRDA:145,10,8,0
BRDA:155,11,0,0
BRF:21
BRH:0
end_of_record
TN:
SF:src\app\footer\footer.ts
FNF:0
FNH:0
DA:9,1
DA:10,1
DA:11,1
DA:12,1
LF:4
LH:4
BRF:0
BRH:0
end_of_record
TN:
SF:src\app\header\header.ts
FN:16,(anonymous_0)
FN:18,(anonymous_1)
FN:22,(anonymous_2)
FN:26,(anonymous_3)
FN:27,(anonymous_4)
FN:33,(anonymous_5)
FN:34,(anonymous_6)
FN:35,(anonymous_7)
FN:37,(anonymous_8)
FNF:9
FNH:7
FNDA:3,(anonymous_0)
FNDA:8,(anonymous_1)
FNDA:4,(anonymous_2)
FNDA:4,(anonymous_3)
FNDA:4,(anonymous_4)
FNDA:4,(anonymous_5)
FNDA:0,(anonymous_6)
FNDA:8,(anonymous_7)
FNDA:0,(anonymous_8)
DA:12,1
DA:13,3
DA:14,3
DA:16,3
DA:19,8
DA:23,4
DA:27,4
DA:28,4
DA:29,4
DA:30,4
DA:33,4
DA:34,0
DA:35,8
DA:38,0
LF:14
LH:12
BRDA:19,0,0,8
BRDA:19,0,1,8
BRDA:28,1,0,0
BRDA:29,2,0,0
BRF:4
BRH:2
end_of_record
TN:
SF:src\app\services\auth.service.ts
FN:15,(anonymous_0)
FN:31,(anonymous_1)
FN:42,(anonymous_2)
FN:47,(anonymous_3)
FN:58,(anonymous_4)
FN:62,(anonymous_5)
FN:69,(anonymous_6)
FN:76,(anonymous_7)
FN:86,(anonymous_8)
FN:92,(anonymous_9)
FNF:10
FNH:5
FNDA:0,(anonymous_0)
FNDA:0,(anonymous_1)
FNDA:0,(anonymous_2)
FNDA:0,(anonymous_3)
FNDA:0,(anonymous_4)
FNDA:64,(anonymous_5)
FNDA:16,(anonymous_6)
FNDA:8,(anonymous_7)
FNDA:8,(anonymous_8)
FNDA:4,(anonymous_9)
DA:7,1
DA:8,3
DA:9,3
DA:11,3
DA:12,3
DA:13,3
DA:16,0
DA:17,0
DA:18,0
DA:19,0
DA:24,0
DA:26,0
DA:27,0
DA:32,0
DA:33,0
DA:34,0
DA:35,0
DA:36,0
DA:38,0
DA:43,0
DA:44,0
DA:48,0
DA:49,0
DA:50,0
DA:51,0
DA:53,0
DA:54,0
DA:59,0
DA:63,64
DA:64,0
DA:65,0
DA:66,0
DA:70,16
DA:71,16
DA:72,16
DA:73,16
DA:77,8
DA:78,0
DA:79,0
DA:80,0
DA:81,0
DA:82,0
DA:83,0
DA:87,8
DA:88,0
DA:89,0
DA:93,4
DA:94,4
DA:95,0
DA:96,0
DA:97,0
DA:98,4
LF:52
LH:16
BRDA:16,0,0,0
BRDA:32,1,0,0
BRDA:33,2,0,0
BRDA:36,3,0,0
BRDA:36,3,1,0
BRDA:43,4,0,0
BRDA:48,5,0,0
BRDA:51,6,0,0
BRDA:51,6,1,0
BRDA:54,7,0,0
BRDA:54,7,1,0
BRDA:59,8,0,0
BRDA:59,8,1,0
BRDA:63,9,0,64
BRDA:63,10,0,64
BRDA:63,10,1,0
BRDA:65,11,0,0
BRDA:65,11,1,0
BRDA:70,12,0,0
BRDA:70,13,0,16
BRDA:70,13,1,16
BRDA:71,14,0,0
BRDA:72,15,0,0
BRDA:77,16,0,8
BRDA:77,17,0,8
BRDA:77,17,1,0
BRDA:79,18,0,0
BRDA:79,18,1,0
BRDA:80,19,0,0
BRDA:81,20,0,0
BRDA:81,20,1,0
BRDA:82,21,0,0
BRDA:82,21,1,0
BRDA:83,22,0,0
BRDA:83,22,1,0
BRDA:83,22,2,0
BRDA:87,23,0,8
BRDA:87,24,0,8
BRDA:87,24,1,0
BRDA:89,25,0,0
BRDA:89,25,1,0
BRDA:94,26,0,0
BRDA:94,26,1,0
BRDA:94,26,2,0
BRDA:94,26,3,4
BRF:45
BRH:9
end_of_record
