# JRE version: OpenJDK Runtime Environment Temurin-21.0.10+7 (21.0.10+7) (build 21.0.10+7-LTS)
# Java VM: OpenJDK 64-Bit Server VM Temurin-21.0.10+7 (21.0.10+7-LTS, mixed mode, sharing, tiered, compressed oops, compressed class ptrs, g1 gc, windows-amd64)
GC Precious Log:
 CardTable entry size: 512
 Card Set container configuration: InlinePtr #cards 5 size 8 Array Of Cards #cards 12 size 40 Howl #buckets 4 coarsen threshold 1843 Howl Bitmap #cards 512 size 80 coarsen threshold 460 Card regions per heap region 1 cards per card region 2048
 CPUs: 12 total, 12 available
 Memory: 16163M
 Large Page Support: Disabled
 NUMA Support: Disabled
 Compressed Oops: Enabled (32-bit)
 Heap Region Size: 1M
 Heap Min Capacity: 8M
 Heap Initial Capacity: 254M
 Heap Max Capacity: 1536M
 Pre-touch: Disabled
 Parallel Workers: 10
 Concurrent Workers: 3
 Concurrent Refinement Workers: 10
 Periodic GC: Disabled
Heap:
 garbage-first heap   total 247808K, used 160974K [0x00000000a0000000, 0x0000000100000000)
  region size 1024K, 23 young (23552K), 9 survivors (9216K)
 Metaspace       used 81274K, committed 83712K, reserved 1179648K
  class space    used 11492K, committed 12672K, reserved 1048576K
GC Heap History (20 events):
Event: 16.287 GC heap before
{Heap before GC invocations=29 (full 0):
 garbage-first heap   total 167936K, used 133687K [0x00000000a0000000, 0x0000000100000000)
  region size 1024K, 40 young (40960K), 6 survivors (6144K)
 Metaspace       used 79090K, committed 81536K, reserved 1179648K
  class space    used 11299K, committed 12480K, reserved 1048576K
}
Event: 16.293 GC heap after
{Heap after GC invocations=30 (full 0):
 garbage-first heap   total 167936K, used 105029K [0x00000000a0000000, 0x0000000100000000)
  region size 1024K, 5 young (5120K), 5 survivors (5120K)
 Metaspace       used 79090K, committed 81536K, reserved 1179648K
  class space    used 11299K, committed 12480K, reserved 1048576K
}
Event: 20.583 GC heap before
{Heap before GC invocations=30 (full 0):
 garbage-first heap   total 167936K, used 149061K [0x00000000a0000000, 0x0000000100000000)
  region size 1024K, 49 young (50176K), 5 survivors (5120K)
 Metaspace       used 80013K, committed 82496K, reserved 1179648K
  class space    used 11474K, committed 12672K, reserved 1048576K
}
Event: 20.590 GC heap after
{Heap after GC invocations=31 (full 0):
 garbage-first heap   total 167936K, used 110030K [0x00000000a0000000, 0x0000000100000000)
  region size 1024K, 6 young (6144K), 6 survivors (6144K)
 Metaspace       used 80013K, committed 82496K, reserved 1179648K
  class space    used 11474K, committed 12672K, reserved 1048576K
}
Event: 20.961 GC heap before
{Heap before GC invocations=31 (full 0):
 garbage-first heap   total 167936K, used 150990K [0x00000000a0000000, 0x0000000100000000)
  region size 1024K, 46 young (47104K), 6 survivors (6144K)
 Metaspace       used 80233K, committed 82688K, reserved 1179648K
  class space    used 11476K, committed 12672K, reserved 1048576K
}
Event: 20.969 GC heap after
{Heap after GC invocations=32 (full 0):
 garbage-first heap   total 167936K, used 116396K [0x00000000a0000000, 0x0000000100000000)
  region size 1024K, 6 young (6144K), 6 survivors (6144K)
 Metaspace       used 80233K, committed 82688K, reserved 1179648K
  class space    used 11476K, committed 12672K, reserved 1048576K
}
Event: 21.318 GC heap before
{Heap before GC invocations=33 (full 0):
 garbage-first heap   total 194560K, used 152236K [0x00000000a0000000, 0x0000000100000000)
  region size 1024K, 41 young (41984K), 6 survivors (6144K)
 Metaspace       used 80360K, committed 82816K, reserved 1179648K
  class space    used 11479K, committed 12672K, reserved 1048576K
}
Event: 21.324 GC heap after
{Heap after GC invocations=34 (full 0):
 garbage-first heap   total 194560K, used 121376K [0x00000000a0000000, 0x0000000100000000)
  region size 1024K, 5 young (5120K), 5 survivors (5120K)
 Metaspace       used 80360K, committed 82816K, reserved 1179648K
  class space    used 11479K, committed 12672K, reserved 1048576K
}
Event: 21.937 GC heap before
{Heap before GC invocations=34 (full 0):
 garbage-first heap   total 194560K, used 174624K [0x00000000a0000000, 0x0000000100000000)
  region size 1024K, 57 young (58368K), 5 survivors (5120K)
 Metaspace       used 80599K, committed 83008K, reserved 1179648K
  class space    used 11481K, committed 12672K, reserved 1048576K
}
Event: 21.945 GC heap after
{Heap after GC invocations=35 (full 0):
 garbage-first heap   total 194560K, used 128110K [0x00000000a0000000, 0x0000000100000000)
  region size 1024K, 8 young (8192K), 8 survivors (8192K)
 Metaspace       used 80599K, committed 83008K, reserved 1179648K
  class space    used 11481K, committed 12672K, reserved 1048576K
}
Event: 22.169 GC heap before
{Heap before GC invocations=35 (full 0):
 garbage-first heap   total 194560K, used 174190K [0x00000000a0000000, 0x0000000100000000)
  region size 1024K, 53 young (54272K), 8 survivors (8192K)
 Metaspace       used 80694K, committed 83136K, reserved 1179648K
  class space    used 11484K, committed 12672K, reserved 1048576K
}
Event: 22.175 GC heap after
{Heap after GC invocations=36 (full 0):
 garbage-first heap   total 194560K, used 135514K [0x00000000a0000000, 0x0000000100000000)
  region size 1024K, 7 young (7168K), 7 survivors (7168K)
 Metaspace       used 80694K, committed 83136K, reserved 1179648K
  class space    used 11484K, committed 12672K, reserved 1048576K
}
Event: 22.392 GC heap before
{Heap before GC invocations=37 (full 0):
 garbage-first heap   total 227328K, used 175450K [0x00000000a0000000, 0x0000000100000000)
  region size 1024K, 46 young (47104K), 7 survivors (7168K)
 Metaspace       used 80757K, committed 83200K, reserved 1179648K
  class space    used 11485K, committed 12672K, reserved 1048576K
}
Event: 22.398 GC heap after
{Heap after GC invocations=38 (full 0):
 garbage-first heap   total 227328K, used 141337K [0x00000000a0000000, 0x0000000100000000)
  region size 1024K, 6 young (6144K), 6 survivors (6144K)
 Metaspace       used 80757K, committed 83200K, reserved 1179648K
  class space    used 11485K, committed 12672K, reserved 1048576K
}
Event: 26.784 GC heap before
{Heap before GC invocations=38 (full 0):
 garbage-first heap   total 227328K, used 202777K [0x00000000a0000000, 0x0000000100000000)
  region size 1024K, 67 young (68608K), 6 survivors (6144K)
 Metaspace       used 81001K, committed 83456K, reserved 1179648K
  class space    used 11486K, committed 12672K, reserved 1048576K
}
Event: 26.796 GC heap after
{Heap after GC invocations=39 (full 0):
 garbage-first heap   total 229376K, used 136242K [0x00000000a0000000, 0x0000000100000000)
  region size 1024K, 9 young (9216K), 9 survivors (9216K)
 Metaspace       used 81001K, committed 83456K, reserved 1179648K
  class space    used 11486K, committed 12672K, reserved 1048576K
}
Event: 27.699 GC heap before
{Heap before GC invocations=39 (full 0):
 garbage-first heap   total 229376K, used 203826K [0x00000000a0000000, 0x0000000100000000)
  region size 1024K, 75 young (76800K), 9 survivors (9216K)
 Metaspace       used 81115K, committed 83520K, reserved 1179648K
  class space    used 11489K, committed 12672K, reserved 1048576K
}
Event: 27.708 GC heap after
{Heap after GC invocations=40 (full 0):
 garbage-first heap   total 229376K, used 145341K [0x00000000a0000000, 0x0000000100000000)
  region size 1024K, 10 young (10240K), 10 survivors (10240K)
 Metaspace       used 81115K, committed 83520K, reserved 1179648K
  class space    used 11489K, committed 12672K, reserved 1048576K
}
Event: 29.065 GC heap before
{Heap before GC invocations=40 (full 0):
 garbage-first heap   total 229376K, used 205757K [0x00000000a0000000, 0x0000000100000000)
  region size 1024K, 69 young (70656K), 10 survivors (10240K)
 Metaspace       used 81260K, committed 83712K, reserved 1179648K
  class space    used 11491K, committed 12672K, reserved 1048576K
}
Event: 29.073 GC heap after
{Heap after GC invocations=41 (full 0):
 garbage-first heap   total 229376K, used 154830K [0x00000000a0000000, 0x0000000100000000)
  region size 1024K, 9 young (9216K), 9 survivors (9216K)
 Metaspace       used 81260K, committed 83712K, reserved 1179648K
  class space    used 11491K, committed 12672K, reserved 1048576K
}

